<?xml version="1.0" encoding="UTF-8"?>
<!-- Generated by org.testng.reporters.JUnitReportReporter -->
<testsuite hostname="DESKTOP-QNI6T8J" failures="0" tests="1" name="test.LoginJIRA" time="3.425" errors="0" timestamp="2023-07-26T20:46:35 IST" skipped="0">
  <testcase classname="test.LoginJIRA" name="loginJira" time="3.425"/>
</testsuite> <!-- test.LoginJIRA -->
